2025-07-21T22:23:49.914+05:30  INFO 18453 --- [QuickHost] [main] c.P.QuickHost.QuickHostApplication       : Starting QuickHostApplication using Java 21.0.7 with PID 18453 (/home/sh/Downloads/QuickHost/target/classes started by sh in /home/sh/Downloads/QuickHost)
2025-07-21T22:23:49.945+05:30  INFO 18453 --- [QuickHost] [main] c.P.QuickHost.QuickHostApplication       : No active profile set, falling back to 1 default profile: "default"
2025-07-21T22:23:56.418+05:30  INFO 18453 --- [QuickHost] [main] .s.d.r.c.RepositoryConfigurationDelegate : Bootstrapping Spring Data JPA repositories in DEFAULT mode.
2025-07-21T22:23:57.204+05:30  INFO 18453 --- [QuickHost] [main] .s.d.r.c.RepositoryConfigurationDelegate : Finished Spring Data repository scanning in 728 ms. Found 3 JPA repository interfaces.
2025-07-21T22:24:03.637+05:30  INFO 18453 --- [QuickHost] [main] o.s.b.w.embedded.tomcat.TomcatWebServer  : Tomcat initialized with port 8080 (http)
2025-07-21T22:24:03.822+05:30  INFO 18453 --- [QuickHost] [main] o.apache.catalina.core.StandardService   : Starting service [Tomcat]
2025-07-21T22:24:03.826+05:30  INFO 18453 --- [QuickHost] [main] o.apache.catalina.core.StandardEngine    : Starting Servlet engine: [Apache Tomcat/10.1.42]
2025-07-21T22:24:04.696+05:30  INFO 18453 --- [QuickHost] [main] o.a.c.c.C.[.[localhost].[/api/v1]        : Initializing Spring embedded WebApplicationContext
2025-07-21T22:24:04.707+05:30  INFO 18453 --- [QuickHost] [main] w.s.c.ServletWebServerApplicationContext : Root WebApplicationContext: initialization completed in 14192 ms
2025-07-21T22:24:06.433+05:30  INFO 18453 --- [QuickHost] [main] o.hibernate.jpa.internal.util.LogHelper  : HHH000204: Processing PersistenceUnitInfo [name: default]
2025-07-21T22:24:07.304+05:30  INFO 18453 --- [QuickHost] [main] org.hibernate.Version                    : HHH000412: Hibernate ORM core version 6.6.18.Final
2025-07-21T22:24:08.042+05:30  INFO 18453 --- [QuickHost] [main] o.h.c.internal.RegionFactoryInitiator    : HHH000026: Second-level cache disabled
2025-07-21T22:24:10.729+05:30  INFO 18453 --- [QuickHost] [main] o.s.o.j.p.SpringPersistenceUnitInfo      : No LoadTimeWeaver setup: ignoring JPA class transformer
2025-07-21T22:24:10.892+05:30  INFO 18453 --- [QuickHost] [main] com.zaxxer.hikari.HikariDataSource       : HikariPool-1 - Starting...
2025-07-21T22:24:13.676+05:30  INFO 18453 --- [QuickHost] [main] com.zaxxer.hikari.pool.HikariPool        : HikariPool-1 - Added connection org.postgresql.jdbc.PgConnection@7da77305
2025-07-21T22:24:13.727+05:30  INFO 18453 --- [QuickHost] [main] com.zaxxer.hikari.HikariDataSource       : HikariPool-1 - Start completed.
2025-07-21T22:24:14.293+05:30  INFO 18453 --- [QuickHost] [main] org.hibernate.orm.connections.pooling    : HHH10001005: Database info:
	Database JDBC URL [Connecting through datasource 'HikariDataSource (HikariPool-1)']
	Database driver: undefined/unknown
	Database version: 17.5
	Autocommit mode: undefined/unknown
	Isolation level: undefined/unknown
	Minimum pool size: undefined/unknown
	Maximum pool size: undefined/unknown
2025-07-21T22:24:21.594+05:30  INFO 18453 --- [QuickHost] [main] o.h.e.t.j.p.i.JtaPlatformInitiator       : HHH000489: No JTA platform available (set 'hibernate.transaction.jta.platform' to enable JTA platform integration)
2025-07-21T22:24:22.024+05:30  INFO 18453 --- [QuickHost] [main] j.LocalContainerEntityManagerFactoryBean : Initialized JPA EntityManagerFactory for persistence unit 'default'
2025-07-21T22:24:23.267+05:30  WARN 18453 --- [QuickHost] [main] JpaBaseConfiguration$JpaWebConfiguration : spring.jpa.open-in-view is enabled by default. Therefore, database queries may be performed during view rendering. Explicitly configure spring.jpa.open-in-view to disable this warning
2025-07-21T22:24:25.745+05:30  INFO 18453 --- [QuickHost] [main] o.s.b.w.embedded.tomcat.TomcatWebServer  : Tomcat started on port 8080 (http) with context path '/api/v1'
2025-07-21T22:24:25.888+05:30  INFO 18453 --- [QuickHost] [main] c.P.QuickHost.QuickHostApplication       : Started QuickHostApplication in 41.701 seconds (process running for 49.032)
2025-07-21T22:25:16.431+05:30  INFO 18453 --- [QuickHost] [http-nio-8080-exec-2] o.a.c.c.C.[.[localhost].[/api/v1]        : Initializing Spring DispatcherServlet 'dispatcherServlet'
2025-07-21T22:25:16.433+05:30  INFO 18453 --- [QuickHost] [http-nio-8080-exec-2] o.s.web.servlet.DispatcherServlet        : Initializing Servlet 'dispatcherServlet'
2025-07-21T22:25:16.442+05:30  INFO 18453 --- [QuickHost] [http-nio-8080-exec-2] o.s.web.servlet.DispatcherServlet        : Completed initialization in 6 ms
2025-07-21T22:25:17.490+05:30  INFO 18453 --- [QuickHost] [http-nio-8080-exec-2] c.P.Q.Controller.HotelController         : Attepting hotel with name: hotelLotus
2025-07-21T22:25:17.495+05:30  INFO 18453 --- [QuickHost] [http-nio-8080-exec-2] c.P.QuickHost.Service.HotelServiceImpl   : Creating new Hotel with name :
2025-07-21T22:25:18.115+05:30  INFO 18453 --- [QuickHost] [http-nio-8080-exec-2] c.P.QuickHost.Service.HotelServiceImpl   : Created new Hotel with id:
2025-07-21T22:28:30.347+05:30  INFO 18453 --- [QuickHost] [http-nio-8080-exec-5] c.P.QuickHost.Service.HotelServiceImpl   : Atempting to activate hotel with id: 1
2025-07-21T22:28:30.620+05:30  INFO 18453 --- [QuickHost] [http-nio-8080-exec-5] c.P.QuickHost.Service.HotelServiceImpl   : Activating hotel with id : 1
2025-07-21T22:28:45.340+05:30  INFO 18453 --- [QuickHost] [http-nio-8080-exec-6] c.P.QuickHost.Service.HotelServiceImpl   : Atempting to activate hotel with id: 1
2025-07-21T22:28:45.353+05:30  INFO 18453 --- [QuickHost] [http-nio-8080-exec-6] c.P.QuickHost.Service.HotelServiceImpl   : Activating hotel with id : 1
2025-07-21T22:29:04.235+05:30  INFO 18453 --- [QuickHost] [http-nio-8080-exec-9] c.P.Q.Controller.HotelController         : fetching hotel by id: 1
2025-07-21T22:29:04.237+05:30  INFO 18453 --- [QuickHost] [http-nio-8080-exec-9] c.P.QuickHost.Service.HotelServiceImpl   : Getting Hotel by id :
2025-07-21T22:29:04.254+05:30  INFO 18453 --- [QuickHost] [http-nio-8080-exec-9] c.P.QuickHost.Service.HotelServiceImpl   : Fetching Hotel with id :
2025-07-21T22:29:17.423+05:30  INFO 18453 --- [QuickHost] [http-nio-8080-exec-10] c.P.Q.Controller.HotelController         : fetching hotel by id: 1
2025-07-21T22:29:17.424+05:30  INFO 18453 --- [QuickHost] [http-nio-8080-exec-10] c.P.QuickHost.Service.HotelServiceImpl   : Getting Hotel by id :
2025-07-21T22:29:17.434+05:30  INFO 18453 --- [QuickHost] [http-nio-8080-exec-10] c.P.QuickHost.Service.HotelServiceImpl   : Fetching Hotel with id :
2025-07-21T22:47:26.540+05:30  INFO 18453 --- [QuickHost] [http-nio-8080-exec-3] c.P.QuickHost.Service.HotelServiceImpl   : Atempting to activate hotel with id: 1
2025-07-21T22:47:26.601+05:30  INFO 18453 --- [QuickHost] [http-nio-8080-exec-3] c.P.QuickHost.Service.HotelServiceImpl   : Activating hotel with id : 1
2025-07-21T22:48:07.259+05:30  INFO 18453 --- [QuickHost] [http-nio-8080-exec-4] c.P.Q.Controller.HotelController         : fetching hotel by id: 1
2025-07-21T22:48:07.260+05:30  INFO 18453 --- [QuickHost] [http-nio-8080-exec-4] c.P.QuickHost.Service.HotelServiceImpl   : Getting Hotel by id :
2025-07-21T22:48:07.270+05:30  INFO 18453 --- [QuickHost] [http-nio-8080-exec-4] c.P.QuickHost.Service.HotelServiceImpl   : Fetching Hotel with id :
2025-07-21T22:48:17.308+05:30  INFO 18453 --- [QuickHost] [http-nio-8080-exec-5] c.P.Q.Controller.HotelController         : fetching hotel by id: 1
2025-07-21T22:48:17.310+05:30  INFO 18453 --- [QuickHost] [http-nio-8080-exec-5] c.P.QuickHost.Service.HotelServiceImpl   : Getting Hotel by id :
2025-07-21T22:48:17.317+05:30  INFO 18453 --- [QuickHost] [http-nio-8080-exec-5] c.P.QuickHost.Service.HotelServiceImpl   : Fetching Hotel with id :
2025-07-21T22:49:56.324+05:30  INFO 18453 --- [QuickHost] [SpringApplicationShutdownHook] o.s.b.w.e.tomcat.GracefulShutdown        : Commencing graceful shutdown. Waiting for active requests to complete
2025-07-21T22:49:56.333+05:30  INFO 18453 --- [QuickHost] [tomcat-shutdown] o.s.b.w.e.tomcat.GracefulShutdown        : Graceful shutdown complete
2025-07-21T22:49:56.347+05:30  INFO 18453 --- [QuickHost] [SpringApplicationShutdownHook] j.LocalContainerEntityManagerFactoryBean : Closing JPA EntityManagerFactory for persistence unit 'default'
2025-07-21T22:49:56.355+05:30  INFO 18453 --- [QuickHost] [SpringApplicationShutdownHook] com.zaxxer.hikari.HikariDataSource       : HikariPool-1 - Shutdown initiated...
2025-07-21T22:49:56.392+05:30  INFO 18453 --- [QuickHost] [SpringApplicationShutdownHook] com.zaxxer.hikari.HikariDataSource       : HikariPool-1 - Shutdown completed.
2025-07-21T22:50:09.724+05:30  INFO 20683 --- [QuickHost] [main] c.P.QuickHost.QuickHostApplication       : Starting QuickHostApplication using Java 21.0.7 with PID 20683 (/home/sh/Downloads/QuickHost/target/classes started by sh in /home/sh/Downloads/QuickHost)
2025-07-21T22:50:09.730+05:30  INFO 20683 --- [QuickHost] [main] c.P.QuickHost.QuickHostApplication       : No active profile set, falling back to 1 default profile: "default"
2025-07-21T22:50:11.627+05:30  INFO 20683 --- [QuickHost] [main] .s.d.r.c.RepositoryConfigurationDelegate : Bootstrapping Spring Data JPA repositories in DEFAULT mode.
2025-07-21T22:50:11.770+05:30  INFO 20683 --- [QuickHost] [main] .s.d.r.c.RepositoryConfigurationDelegate : Finished Spring Data repository scanning in 119 ms. Found 3 JPA repository interfaces.
2025-07-21T22:50:12.909+05:30  INFO 20683 --- [QuickHost] [main] o.s.b.w.embedded.tomcat.TomcatWebServer  : Tomcat initialized with port 8080 (http)
2025-07-21T22:50:12.941+05:30  INFO 20683 --- [QuickHost] [main] o.apache.catalina.core.StandardService   : Starting service [Tomcat]
2025-07-21T22:50:12.942+05:30  INFO 20683 --- [QuickHost] [main] o.apache.catalina.core.StandardEngine    : Starting Servlet engine: [Apache Tomcat/10.1.42]
2025-07-21T22:50:13.026+05:30  INFO 20683 --- [QuickHost] [main] o.a.c.c.C.[.[localhost].[/api/v1]        : Initializing Spring embedded WebApplicationContext
2025-07-21T22:50:13.027+05:30  INFO 20683 --- [QuickHost] [main] w.s.c.ServletWebServerApplicationContext : Root WebApplicationContext: initialization completed in 3114 ms
2025-07-21T22:50:13.512+05:30  INFO 20683 --- [QuickHost] [main] o.hibernate.jpa.internal.util.LogHelper  : HHH000204: Processing PersistenceUnitInfo [name: default]
2025-07-21T22:50:13.628+05:30  INFO 20683 --- [QuickHost] [main] org.hibernate.Version                    : HHH000412: Hibernate ORM core version 6.6.18.Final
2025-07-21T22:50:13.709+05:30  INFO 20683 --- [QuickHost] [main] o.h.c.internal.RegionFactoryInitiator    : HHH000026: Second-level cache disabled
2025-07-21T22:50:14.423+05:30  INFO 20683 --- [QuickHost] [main] o.s.o.j.p.SpringPersistenceUnitInfo      : No LoadTimeWeaver setup: ignoring JPA class transformer
2025-07-21T22:50:14.490+05:30  INFO 20683 --- [QuickHost] [main] com.zaxxer.hikari.HikariDataSource       : HikariPool-1 - Starting...
2025-07-21T22:50:15.339+05:30  INFO 20683 --- [QuickHost] [main] com.zaxxer.hikari.pool.HikariPool        : HikariPool-1 - Added connection org.postgresql.jdbc.PgConnection@7ab1ad9
2025-07-21T22:50:15.343+05:30  INFO 20683 --- [QuickHost] [main] com.zaxxer.hikari.HikariDataSource       : HikariPool-1 - Start completed.
2025-07-21T22:50:15.507+05:30  INFO 20683 --- [QuickHost] [main] org.hibernate.orm.connections.pooling    : HHH10001005: Database info:
	Database JDBC URL [Connecting through datasource 'HikariDataSource (HikariPool-1)']
	Database driver: undefined/unknown
	Database version: 17.5
	Autocommit mode: undefined/unknown
	Isolation level: undefined/unknown
	Minimum pool size: undefined/unknown
	Maximum pool size: undefined/unknown
2025-07-21T22:50:18.098+05:30  INFO 20683 --- [QuickHost] [main] o.h.e.t.j.p.i.JtaPlatformInitiator       : HHH000489: No JTA platform available (set 'hibernate.transaction.jta.platform' to enable JTA platform integration)
2025-07-21T22:50:19.467+05:30  INFO 20683 --- [QuickHost] [main] j.LocalContainerEntityManagerFactoryBean : Initialized JPA EntityManagerFactory for persistence unit 'default'
2025-07-21T22:50:20.012+05:30  WARN 20683 --- [QuickHost] [main] JpaBaseConfiguration$JpaWebConfiguration : spring.jpa.open-in-view is enabled by default. Therefore, database queries may be performed during view rendering. Explicitly configure spring.jpa.open-in-view to disable this warning
2025-07-21T22:50:20.908+05:30  INFO 20683 --- [QuickHost] [main] o.s.b.w.embedded.tomcat.TomcatWebServer  : Tomcat started on port 8080 (http) with context path '/api/v1'
2025-07-21T22:50:20.928+05:30  INFO 20683 --- [QuickHost] [main] c.P.QuickHost.QuickHostApplication       : Started QuickHostApplication in 12.779 seconds (process running for 15.672)
2025-07-21T22:50:28.532+05:30  INFO 20683 --- [QuickHost] [http-nio-8080-exec-1] o.a.c.c.C.[.[localhost].[/api/v1]        : Initializing Spring DispatcherServlet 'dispatcherServlet'
2025-07-21T22:50:28.537+05:30  INFO 20683 --- [QuickHost] [http-nio-8080-exec-1] o.s.web.servlet.DispatcherServlet        : Initializing Servlet 'dispatcherServlet'
2025-07-21T22:50:28.549+05:30  INFO 20683 --- [QuickHost] [http-nio-8080-exec-1] o.s.web.servlet.DispatcherServlet        : Completed initialization in 10 ms
2025-07-21T22:50:28.926+05:30  INFO 20683 --- [QuickHost] [http-nio-8080-exec-1] c.P.Q.Controller.HotelController         : fetching hotel by id: 1
2025-07-21T22:50:28.940+05:30  INFO 20683 --- [QuickHost] [http-nio-8080-exec-1] c.P.QuickHost.Service.HotelServiceImpl   : Getting Hotel by id :
2025-07-21T22:50:29.337+05:30  INFO 20683 --- [QuickHost] [http-nio-8080-exec-1] c.P.QuickHost.Service.HotelServiceImpl   : Fetching Hotel with id :
2025-07-21T22:50:35.212+05:30  INFO 20683 --- [QuickHost] [http-nio-8080-exec-3] c.P.QuickHost.Service.HotelServiceImpl   : Atempting to activate hotel with id: 1
2025-07-21T22:50:35.228+05:30  INFO 20683 --- [QuickHost] [http-nio-8080-exec-3] c.P.QuickHost.Service.HotelServiceImpl   : Activating hotel with id : 1
2025-07-21T22:50:43.445+05:30  INFO 20683 --- [QuickHost] [http-nio-8080-exec-4] c.P.Q.Controller.HotelController         : fetching hotel by id: 1
2025-07-21T22:50:43.446+05:30  INFO 20683 --- [QuickHost] [http-nio-8080-exec-4] c.P.QuickHost.Service.HotelServiceImpl   : Getting Hotel by id :
2025-07-21T22:50:43.458+05:30  INFO 20683 --- [QuickHost] [http-nio-8080-exec-4] c.P.QuickHost.Service.HotelServiceImpl   : Fetching Hotel with id :
2025-07-21T22:59:09.401+05:30  INFO 20683 --- [QuickHost] [http-nio-8080-exec-6] c.P.QuickHost.Service.RoomServiceImpl    : Creating new Room with Hotelid: 1
2025-07-21T22:59:32.915+05:30  INFO 20683 --- [QuickHost] [SpringApplicationShutdownHook] o.s.b.w.e.tomcat.GracefulShutdown        : Commencing graceful shutdown. Waiting for active requests to complete
2025-07-21T22:59:32.927+05:30  INFO 20683 --- [QuickHost] [tomcat-shutdown] o.s.b.w.e.tomcat.GracefulShutdown        : Graceful shutdown complete
2025-07-21T22:59:32.945+05:30  INFO 20683 --- [QuickHost] [SpringApplicationShutdownHook] j.LocalContainerEntityManagerFactoryBean : Closing JPA EntityManagerFactory for persistence unit 'default'
2025-07-21T22:59:32.960+05:30  INFO 20683 --- [QuickHost] [SpringApplicationShutdownHook] com.zaxxer.hikari.HikariDataSource       : HikariPool-1 - Shutdown initiated...
2025-07-21T22:59:33.032+05:30  INFO 20683 --- [QuickHost] [SpringApplicationShutdownHook] com.zaxxer.hikari.HikariDataSource       : HikariPool-1 - Shutdown completed.
2025-07-21T22:59:46.752+05:30  INFO 21579 --- [QuickHost] [main] c.P.QuickHost.QuickHostApplication       : Starting QuickHostApplication using Java 21.0.7 with PID 21579 (/home/sh/Downloads/QuickHost/target/classes started by sh in /home/sh/Downloads/QuickHost)
2025-07-21T22:59:46.758+05:30  INFO 21579 --- [QuickHost] [main] c.P.QuickHost.QuickHostApplication       : No active profile set, falling back to 1 default profile: "default"
2025-07-21T22:59:48.535+05:30  INFO 21579 --- [QuickHost] [main] .s.d.r.c.RepositoryConfigurationDelegate : Bootstrapping Spring Data JPA repositories in DEFAULT mode.
2025-07-21T22:59:48.661+05:30  INFO 21579 --- [QuickHost] [main] .s.d.r.c.RepositoryConfigurationDelegate : Finished Spring Data repository scanning in 105 ms. Found 3 JPA repository interfaces.
2025-07-21T22:59:49.741+05:30  INFO 21579 --- [QuickHost] [main] o.s.b.w.embedded.tomcat.TomcatWebServer  : Tomcat initialized with port 8080 (http)
2025-07-21T22:59:49.770+05:30  INFO 21579 --- [QuickHost] [main] o.apache.catalina.core.StandardService   : Starting service [Tomcat]
2025-07-21T22:59:49.771+05:30  INFO 21579 --- [QuickHost] [main] o.apache.catalina.core.StandardEngine    : Starting Servlet engine: [Apache Tomcat/10.1.42]
2025-07-21T22:59:49.856+05:30  INFO 21579 --- [QuickHost] [main] o.a.c.c.C.[.[localhost].[/api/v1]        : Initializing Spring embedded WebApplicationContext
2025-07-21T22:59:49.857+05:30  INFO 21579 --- [QuickHost] [main] w.s.c.ServletWebServerApplicationContext : Root WebApplicationContext: initialization completed in 2855 ms
2025-07-21T22:59:50.265+05:30  INFO 21579 --- [QuickHost] [main] o.hibernate.jpa.internal.util.LogHelper  : HHH000204: Processing PersistenceUnitInfo [name: default]
2025-07-21T22:59:50.346+05:30  INFO 21579 --- [QuickHost] [main] org.hibernate.Version                    : HHH000412: Hibernate ORM core version 6.6.18.Final
2025-07-21T22:59:50.401+05:30  INFO 21579 --- [QuickHost] [main] o.h.c.internal.RegionFactoryInitiator    : HHH000026: Second-level cache disabled
2025-07-21T22:59:51.087+05:30  INFO 21579 --- [QuickHost] [main] o.s.o.j.p.SpringPersistenceUnitInfo      : No LoadTimeWeaver setup: ignoring JPA class transformer
2025-07-21T22:59:51.154+05:30  INFO 21579 --- [QuickHost] [main] com.zaxxer.hikari.HikariDataSource       : HikariPool-1 - Starting...
2025-07-21T22:59:51.952+05:30  INFO 21579 --- [QuickHost] [main] com.zaxxer.hikari.pool.HikariPool        : HikariPool-1 - Added connection org.postgresql.jdbc.PgConnection@371cd2fc
2025-07-21T22:59:51.957+05:30  INFO 21579 --- [QuickHost] [main] com.zaxxer.hikari.HikariDataSource       : HikariPool-1 - Start completed.
2025-07-21T22:59:52.133+05:30  INFO 21579 --- [QuickHost] [main] org.hibernate.orm.connections.pooling    : HHH10001005: Database info:
	Database JDBC URL [Connecting through datasource 'HikariDataSource (HikariPool-1)']
	Database driver: undefined/unknown
	Database version: 17.5
	Autocommit mode: undefined/unknown
	Isolation level: undefined/unknown
	Minimum pool size: undefined/unknown
	Maximum pool size: undefined/unknown
2025-07-21T22:59:54.680+05:30  INFO 21579 --- [QuickHost] [main] o.h.e.t.j.p.i.JtaPlatformInitiator       : HHH000489: No JTA platform available (set 'hibernate.transaction.jta.platform' to enable JTA platform integration)
2025-07-21T22:59:55.997+05:30  INFO 21579 --- [QuickHost] [main] j.LocalContainerEntityManagerFactoryBean : Initialized JPA EntityManagerFactory for persistence unit 'default'
2025-07-21T22:59:56.538+05:30  WARN 21579 --- [QuickHost] [main] JpaBaseConfiguration$JpaWebConfiguration : spring.jpa.open-in-view is enabled by default. Therefore, database queries may be performed during view rendering. Explicitly configure spring.jpa.open-in-view to disable this warning
2025-07-21T22:59:57.298+05:30  INFO 21579 --- [QuickHost] [main] o.s.b.w.embedded.tomcat.TomcatWebServer  : Tomcat started on port 8080 (http) with context path '/api/v1'
2025-07-21T22:59:57.315+05:30  INFO 21579 --- [QuickHost] [main] c.P.QuickHost.QuickHostApplication       : Started QuickHostApplication in 12.134 seconds (process running for 14.389)
2025-07-21T23:47:19.517+05:30  INFO 21579 --- [QuickHost] [http-nio-8080-exec-1] o.a.c.c.C.[.[localhost].[/api/v1]        : Initializing Spring DispatcherServlet 'dispatcherServlet'
2025-07-21T23:47:19.519+05:30  INFO 21579 --- [QuickHost] [http-nio-8080-exec-1] o.s.web.servlet.DispatcherServlet        : Initializing Servlet 'dispatcherServlet'
2025-07-21T23:47:19.526+05:30  INFO 21579 --- [QuickHost] [http-nio-8080-exec-1] o.s.web.servlet.DispatcherServlet        : Completed initialization in 4 ms
2025-07-21T23:47:28.847+05:30  INFO 21579 --- [QuickHost] [http-nio-8080-exec-3] c.P.QuickHost.Service.RoomServiceImpl    : getting rooms with hotel id:1
2025-07-21T23:48:14.626+05:30  INFO 21579 --- [QuickHost] [http-nio-8080-exec-4] c.P.QuickHost.Service.RoomServiceImpl    : Creating new Room with Hotelid: 1
2025-07-21T23:48:22.066+05:30  INFO 21579 --- [QuickHost] [http-nio-8080-exec-5] c.P.QuickHost.Service.RoomServiceImpl    : getting rooms with hotel id:1
2025-07-21T23:51:24.438+05:30  INFO 21579 --- [QuickHost] [http-nio-8080-exec-8] c.P.QuickHost.Service.RoomServiceImpl    : udating room with id:1 
2025-07-21T23:51:36.584+05:30  INFO 21579 --- [QuickHost] [http-nio-8080-exec-9] c.P.QuickHost.Service.RoomServiceImpl    : getting rooms with hotel id:1
2025-07-21T23:53:50.332+05:30  INFO 21579 --- [QuickHost] [http-nio-8080-exec-1] c.P.QuickHost.Service.RoomServiceImpl    : getting rooms with hotel id:100
